<?xml version="1.0" encoding="UTF-8"?>
<!-- Generated by org.testng.reporters.JUnitXMLReporter -->
<testsuite hostname="GFL06031" ignored="20" name="PM Test" tests="15" failures="1" timestamp="05 Sep 2019 14:46:45 GMT" time="374.026" errors="0">
  <testcase name="PM_NP_CP_TS01_TC01" time="12.674" classname="CRM.Prospects.UAT_PM_NP_CP_TS01_TC01"/>
  <testcase name="PM_NP_CP_TS01_TC02" time="11.292" classname="CRM.Prospects.UAT_PM_NP_CP_TS01_TC02"/>
  <testcase name="PM_NP_CP_TS01_TC03" time="8.996" classname="CRM.Prospects.UAT_PM_NP_CP_TS01_TC03"/>
  <testcase name="PM_NP_CP_TS01_TC04" time="31.748" classname="CRM.Prospects.UAT_PM_NP_CP_TS01_TC04"/>
  <testcase name="PM_NP_CP_TS01_TC05" time="16.073" classname="CRM.Prospects.UAT_PM_NP_CP_TS01_TC05"/>
  <testcase name="PM_NP_CP_TS01_TC06" time="19.738" classname="CRM.Prospects.UAT_PM_NP_CP_TS01_TC06"/>
  <testcase name="PM_NP_CP_TS01_TC07" time="39.912" classname="CRM.Prospects.UAT_PM_NP_CP_TS01_TC07"/>
  <testcase name="PM_NP_CP_TS01_TC08" time="45.968" classname="CRM.Prospects.UAT_PM_NP_CP_TS01_TC08"/>
  <testcase name="PM_NP_CP_TS01_TC08_Edited" time="17.671" classname="CRM.Prospects.UAT_PM_NP_CP_TS01_TC08"/>
  <testcase name="PM_NP_CP_TS01_TC09" time="30.212" classname="CRM.Prospects.UAT_PM_NP_CP_TS01_TC09"/>
  <testcase name="PM_NP_CP_TS01_TC09_Edited" time="11.337" classname="CRM.Prospects.UAT_PM_NP_CP_TS01_TC09"/>
  <testcase name="PM_NP_CP_TS01_TC10" time="44.097" classname="CRM.Prospects.UAT_PM_NP_CP_TS01_TC10"/>
  <testcase name="PM_NP_CP_TS01_TC10_Edited" time="14.322" classname="CRM.Prospects.UAT_PM_NP_CP_TS01_TC10"/>
  <testcase name="PM_NP_CP_TS01_TC11" time="47.305" classname="CRM.Prospects.UAT_PM_NP_CP_TS01_TC11"/>
  <testcase name="PM_NP_CP_TS01_TC11_Edited" time="21.76" classname="CRM.Prospects.UAT_PM_NP_CP_TS01_TC11">
    <failure type="org.openqa.selenium.TimeoutException" message="Expected condition failed: waiting for url to contain &amp;quot;edit&amp;quot;. Current url: &amp;quot;https://wishes-qa.azurewebsites.net/prospects/view/10168?site=1401&amp;quot; (tried for 10 second(s) with 500 milliseconds interval)
Build info: version: &amp;apos;3.11.0&amp;apos;, revision: &amp;apos;e59cfb3&amp;apos;, time: &amp;apos;2018-03-11T20:26:55.152Z&amp;apos;
System info: host: &amp;apos;GFL06031&amp;apos;, ip: &amp;apos;172.26.126.103&amp;apos;, os.name: &amp;apos;Windows 10&amp;apos;, os.arch: &amp;apos;amd64&amp;apos;, os.version: &amp;apos;10.0&amp;apos;, java.version: &amp;apos;1.8.0_221&amp;apos;
Driver info: org.openqa.selenium.chrome.ChromeDriver
Capabilities {acceptInsecureCerts: false, acceptSslCerts: false, applicationCacheEnabled: false, browserConnectionEnabled: false, browserName: chrome, chrome: {chromedriverVersion: 2.42.591088 (7b2b2dca23cca0..., userDataDir: C:\Users\jteja\AppData\Loca...}, cssSelectorsEnabled: true, databaseEnabled: false, goog:chromeOptions: {debuggerAddress: localhost:59898}, handlesAlerts: true, hasTouchScreen: false, javascriptEnabled: true, locationContextEnabled: true, mobileEmulationEnabled: false, nativeEvents: true, networkConnectionEnabled: false, pageLoadStrategy: normal, platform: XP, platformName: XP, rotatable: false, setWindowRect: true, takesHeapSnapshot: true, takesScreenshot: true, unexpectedAlertBehaviour: , unhandledPromptBehavior: , version: 76.0.3809.132, webStorageEnabled: true}
Session ID: 50927fa91c66ee76e50a2a45b876b04d">
      <![CDATA[org.openqa.selenium.TimeoutException: Expected condition failed: waiting for url to contain "edit". Current url: "https://wishes-qa.azurewebsites.net/prospects/view/10168?site=1401" (tried for 10 second(s) with 500 milliseconds interval)Build info: version: '3.11.0', revision: 'e59cfb3', time: '2018-03-11T20:26:55.152Z'System info: host: 'GFL06031', ip: '172.26.126.103', os.name: 'Windows 10', os.arch: 'amd64', os.version: '10.0', java.version: '1.8.0_221'Driver info: org.openqa.selenium.chrome.ChromeDriverCapabilities {acceptInsecureCerts: false, acceptSslCerts: false, applicationCacheEnabled: false, browserConnectionEnabled: false, browserName: chrome, chrome: {chromedriverVersion: 2.42.591088 (7b2b2dca23cca0..., userDataDir: C:\Users\jteja\AppData\Loca...}, cssSelectorsEnabled: true, databaseEnabled: false, goog:chromeOptions: {debuggerAddress: localhost:59898}, handlesAlerts: true, hasTouchScreen: false, javascriptEnabled: true, locationContextEnabled: true, mobileEmulationEnabled: false, nativeEvents: true, networkConnectionEnabled: false, pageLoadStrategy: normal, platform: XP, platformName: XP, rotatable: false, setWindowRect: true, takesHeapSnapshot: true, takesScreenshot: true, unexpectedAlertBehaviour: , unhandledPromptBehavior: , version: 76.0.3809.132, webStorageEnabled: true}Session ID: 50927fa91c66ee76e50a2a45b876b04dat org.openqa.selenium.support.ui.WebDriverWait.timeoutException(WebDriverWait.java:81)at org.openqa.selenium.support.ui.FluentWait.until(FluentWait.java:271)at CRM.ViewPages.ProspectView.clickEditProspect(ProspectView.java:54)at CRM.Prospects.UAT_PM_NP_CP_TS01_TC11.PM_NP_CP_TS01_TC11_Edited(UAT_PM_NP_CP_TS01_TC11.java:128)... Removed 25 stack frames]]>
    </failure>
  </testcase> <!-- PM_NP_CP_TS01_TC11_Edited -->
  <testcase name="@BeforeSuite setUp" time="0.0" classname="CRM.TestDriver.DriverClass">
    <ignored/>
  </testcase> <!-- @BeforeSuite setUp -->
  <testcase name="@BeforeSuite setUp" time="0.0" classname="CRM.TestDriver.DriverClass">
    <ignored/>
  </testcase> <!-- @BeforeSuite setUp -->
  <testcase name="@BeforeSuite setUp" time="0.0" classname="CRM.TestDriver.DriverClass">
    <ignored/>
  </testcase> <!-- @BeforeSuite setUp -->
  <testcase name="@BeforeSuite setUp" time="0.0" classname="CRM.TestDriver.DriverClass">
    <ignored/>
  </testcase> <!-- @BeforeSuite setUp -->
  <testcase name="@BeforeSuite setUp" time="0.0" classname="CRM.TestDriver.DriverClass">
    <ignored/>
  </testcase> <!-- @BeforeSuite setUp -->
  <testcase name="@BeforeSuite setUp" time="0.0" classname="CRM.TestDriver.DriverClass">
    <ignored/>
  </testcase> <!-- @BeforeSuite setUp -->
  <testcase name="@BeforeSuite setUp" time="0.0" classname="CRM.TestDriver.DriverClass">
    <ignored/>
  </testcase> <!-- @BeforeSuite setUp -->
  <testcase name="@BeforeSuite setUp" time="0.0" classname="CRM.TestDriver.DriverClass">
    <ignored/>
  </testcase> <!-- @BeforeSuite setUp -->
  <testcase name="@BeforeSuite setUp" time="0.0" classname="CRM.TestDriver.DriverClass">
    <ignored/>
  </testcase> <!-- @BeforeSuite setUp -->
  <testcase name="@BeforeSuite setUp" time="0.0" classname="CRM.TestDriver.DriverClass">
    <ignored/>
  </testcase> <!-- @BeforeSuite setUp -->
  <testcase name="@AfterSuite tearDown" time="0.0" classname="CRM.TestDriver.DriverClass">
    <ignored/>
  </testcase> <!-- @AfterSuite tearDown -->
  <testcase name="@AfterSuite tearDown" time="0.0" classname="CRM.TestDriver.DriverClass">
    <ignored/>
  </testcase> <!-- @AfterSuite tearDown -->
  <testcase name="@AfterSuite tearDown" time="0.0" classname="CRM.TestDriver.DriverClass">
    <ignored/>
  </testcase> <!-- @AfterSuite tearDown -->
  <testcase name="@AfterSuite tearDown" time="0.0" classname="CRM.TestDriver.DriverClass">
    <ignored/>
  </testcase> <!-- @AfterSuite tearDown -->
  <testcase name="@AfterSuite tearDown" time="0.0" classname="CRM.TestDriver.DriverClass">
    <ignored/>
  </testcase> <!-- @AfterSuite tearDown -->
  <testcase name="@AfterSuite tearDown" time="0.0" classname="CRM.TestDriver.DriverClass">
    <ignored/>
  </testcase> <!-- @AfterSuite tearDown -->
  <testcase name="@AfterSuite tearDown" time="0.0" classname="CRM.TestDriver.DriverClass">
    <ignored/>
  </testcase> <!-- @AfterSuite tearDown -->
  <testcase name="@AfterSuite tearDown" time="0.0" classname="CRM.TestDriver.DriverClass">
    <ignored/>
  </testcase> <!-- @AfterSuite tearDown -->
  <testcase name="@AfterSuite tearDown" time="0.0" classname="CRM.TestDriver.DriverClass">
    <ignored/>
  </testcase> <!-- @AfterSuite tearDown -->
  <testcase name="@AfterSuite tearDown" time="0.0" classname="CRM.TestDriver.DriverClass">
    <ignored/>
  </testcase> <!-- @AfterSuite tearDown -->
</testsuite> <!-- PM Test -->
