<?xml version="1.0" encoding="UTF-8"?>
<!-- Generated by org.testng.reporters.JUnitXMLReporter -->
<testsuite hostname="GFL06031" ignored="0" name="Default test" tests="1" failures="1" timestamp="21 Aug 2019 19:11:46 GMT" time="13.785" errors="0">
  <testcase name="CAPR_APCON_TS01_TC01" time="13.542" classname="CRM.ApprovalConditions.UAT_CAPR_APCON_TS01_TC01">
    <failure type="java.lang.NullPointerException">
      <![CDATA[java.lang.NullPointerExceptionat CRM.ReusableComponents.KeywordsUtil.clickElement(KeywordsUtil.java:217)at CRM.ReusableComponents.MethodsUtil.performActions(MethodsUtil.java:309)at CRM.ReusableComponents.MethodsUtil.executeActions(MethodsUtil.java:141)at CRM.ReusableComponents.MethodsUtil.selector(MethodsUtil.java:223)at CRM.ApprovalConditions.UAT_CAPR_APCON_TS01_TC01.CAPR_APCON_TS01_TC01(UAT_CAPR_APCON_TS01_TC01.java:61)at sun.reflect.NativeMethodAccessorImpl.invoke0(Native Method)at sun.reflect.NativeMethodAccessorImpl.invoke(Unknown Source)at sun.reflect.DelegatingMethodAccessorImpl.invoke(Unknown Source)at java.lang.reflect.Method.invoke(Unknown Source)at org.testng.internal.MethodInvocationHelper.invokeMethod(MethodInvocationHelper.java:124)at org.testng.internal.Invoker.invokeMethod(Invoker.java:571)at org.testng.internal.Invoker.invokeTestMethod(Invoker.java:707)at org.testng.internal.Invoker.invokeTestMethods(Invoker.java:979)at org.testng.internal.TestMethodWorker.invokeTestMethods(TestMethodWorker.java:125)at org.testng.internal.TestMethodWorker.run(TestMethodWorker.java:109)at org.testng.TestRunner.privateRun(TestRunner.java:648)at org.testng.TestRunner.run(TestRunner.java:505)at org.testng.SuiteRunner.runTest(SuiteRunner.java:455)at org.testng.SuiteRunner.runSequentially(SuiteRunner.java:450)at org.testng.SuiteRunner.privateRun(SuiteRunner.java:415)at org.testng.SuiteRunner.run(SuiteRunner.java:364)at org.testng.SuiteRunnerWorker.runSuite(SuiteRunnerWorker.java:52)at org.testng.SuiteRunnerWorker.run(SuiteRunnerWorker.java:84)at org.testng.TestNG.runSuitesSequentially(TestNG.java:1187)at org.testng.TestNG.runSuitesLocally(TestNG.java:1116)at org.testng.TestNG.runSuites(TestNG.java:1028)at org.testng.TestNG.run(TestNG.java:996)at org.testng.remote.AbstractRemoteTestNG.run(AbstractRemoteTestNG.java:115)at org.testng.remote.RemoteTestNG.initAndRun(RemoteTestNG.java:251)at org.testng.remote.RemoteTestNG.main(RemoteTestNG.java:77)]]>
    </failure>
  </testcase> <!-- CAPR_APCON_TS01_TC01 -->
</testsuite> <!-- Default test -->
