<?xml version="1.0" encoding="UTF-8"?>
<testng-results skipped="0" failed="1" ignored="20" total="35" passed="14">
  <reporter-output>
  </reporter-output>
  <suite name="WishesAutomation" duration-ms="374026" started-at="2019-09-05T14:40:31Z" finished-at="2019-09-05T14:46:45Z">
    <groups>
    </groups>
    <test name="PM Test" duration-ms="374026" started-at="2019-09-05T14:40:31Z" finished-at="2019-09-05T14:46:45Z">
      <class name="CRM.Prospects.UAT_PM_NP_CP_TS01_TC11">
        <test-method status="PASS" signature="PM_NP_CP_TS01_TC11(java.util.LinkedHashMap)[pri:0, instance:CRM.Prospects.UAT_PM_NP_CP_TS01_TC11@66a3ffec]" name="PM_NP_CP_TS01_TC11" duration-ms="47305" started-at="2019-09-05T10:45:35Z" data-provider="getTestDataInput" finished-at="2019-09-05T10:46:23Z">
          <params>
            <param index="0">
              <value>
                <![CDATA[{PM_NP_CP_TS01_TC11={ProspectIndex={pi_home_link=, pi_new_prospect_button=yes, pi_create_prospect_popup_combobox=xyz, pi_create_prospect_discard_button=, pi_create_prospect_proceed_button=, pi_create_prospect_close_button=, pi_customers_tab_button=, pi_prospects_tab_button=, pi_prospect_search_checkbox=, pi_amazon_search_dropdown=, pi_amazon_search_textfield=, pi_amazon_search_search_button=, pi_more_filters_button=, pi_prospect_level_from_dropdown=, pi_prospect_level_to_dropdown=, pi_salesrep_dropdown=, pi_date_prospect_added_from_textfield=, pi_date_prospect_added_to_textfield=, pi_estimated_amount_from_textfield=, pi_estimated_amount_to_textfield=, pi_next_followup_date_from_textfield=, pi_next_followup_date_to_textfield=, pi_comp_agg_exp_date_from_textfield=, pi_comp_agg_exp_date_to_textfield=, pi_branch_dropdown=, pi_prospect_status_multiselect=, pi_reset_filters_button=, pi_more_filters_search_button=, pi_less_filters_button=, pi_search_results_limit_dropdown=, pi_createreport_button=, pi_prospectgrid_results=}, ProspectCreate={pc_company_name_textfield=Reg1_Sep5_TC11, pc_website_textfield=, pc_salesrep_dropdown=rency Naveen, pc_prospect_levelindicator=25, pc_business_unit_dropdown=Halifax (HIT), pc_competitor_agreement_expiry_date_textfield=, pc_competitor_dropdown=, pc_expiry_date_obtained_on_textfield=, pc_service_line_dropdown=, pc_service_type_dropdown=, pc_estimated_amount_textfield=, pc_container_size_dropdown=, pc_frequency_dropdown=, pc_add_contact_button=Yes, pc_primary_contact_checkbox=Yes, pc_contact_name_textfield=TC11Contact, pc_contact_position_textfield=TC11Position, pc_contact_email_textfield=TC11@email.com, pc_contact_primary_phone_textfield=1234567899, pc_contact_primary_extn_textfield=45628, pc_contact_secondary_phone_textfield=2589631470, pc_contact_secondary_extn_textfield=25856, pc_delete_contact_button=, pc_company_address_line1_textfield=AddressLine 1, pc_company_address_line2_textfield=AddressLine 1, pc_company_address_city_textfield=Toronto, pc_company_address_country_dropdown=Canada, pc_company_address_province_dropdown=Ontario, pc_company_address_zipcode_textfield=M4S 2H2, pc_billing_address_same_checkbox=yes, pc_billing_address_line1_textfield=, pc_billing_address_line2_textfield=, pc_billing_address_city_textfield=, pc_billing_address_country_dropdown=, pc_billing_address_province_dropdown=, pc_billing_address_zipcode_textfield=, pc_site_name_textfield=Yonge & Soudan 11, pc_site_salesrep_dropdown=rency Naveen, pc_side_address_same_checkbox=Yes, pc_site_address_line1_textfield=, pc_site_address_line2_textfield=, pc_site_address_city_textfield=, pc_site_address_country_dropdown=, pc_site_address_province_dropdown=, pc_site_address_zipcode_textfield=, pc_site_contact_same_checkbox=Yes, pc_site_contact_textfield=, pc_site_contact_position_textfield=, pc_site_email_textfield=, pc_site_primary_phone_textfield=, pc_site_primary_extn_textfield=, pc_site_secondary_phone_textfield=, pc_site_secondary_extn_textfield=, pc_discard_button=, pc_save_and_submit_button=}, AgreementCreate={ac_home_link=, ac_agreements_link=, ac_create_agreement_link=, ac_review_details_link=, ac_customer_copy_link=, ac_agreement_name_combobox=, ac_po_number_textfield=15987453, ac_created_on_textfield=, ac_effective_of_textfield=, ac_mark_as_urgent_checkbox=Yes, ac_expires_on_dropdown=, ac_customer_name_combobox=, ac_site_name_combobox=, ac_add_new_site_button=, ac_site_name_textfield=, ac_site_salesrep_dropdown=, ac_site_address_line1_textfield=, ac_site_address_line2_textfield=, ac_site_address_country_dropdown=, ac_site_address_province_dropdown=, ac_site_address_city_textfield=, ac_site_address_zipcode_textfield=, ac_site_contact_primary_checkbox=, ac_site_contact_name_textfield=, ac_site_contact_position_textfield=, ac_site_contact_email_textfield=, ac_site_contact_primary_phone_textfield=, ac_site_contact_primary_extn_textfield=, ac_site_contact_secondary_phone_textfield=, ac_site_contact_secondary_extn_textfield=, ac_site_discard_button=, ac_site_save_button=, ac_add_new_service_button=, ac_discard_button=, ac_save_as_quote_button=, ac_next_button=, =,  =}, SLCreate={slc_home_link=, slc_agreements_link=, slc_service_type_dropdown=Front End, slc_margin_dropdown=35, slc_container_count_textfield=20, slc_service_frequency_dropdown=Weekly, slc_container_type_dropdown=FL Loose, slc_container_size_dropdown=8 yrd, slc_material_type_dropdown=contaminated recycling, slc_route_dropdown=Halifax, slc_route_density_dropdown=Medium Density, slc_location_type_textfield=yard, slc_disposal_site_dropdown=Scotia Recycle, slc_weight_textfield=50, slc_uom_dropdown=KG/YD, slc_container_rental_fee_textfield=500, slc_clear_calculations_button=, slc_calculate_button=yes, slc_monthly_rate_edit_button=, slc_monthly_rate_textfield=, slc_monthly_rate_cancel_button=, slc_monthly_rate_save_button=, slc_delivery_extrafee_textfield=, slc_extra_lift_extrafee_textfield=, slc_removal_extrafee_textfield=, slc_relocation_extrafee_textfield=, slc_admin_extrafee_textfield=, slc_commodity_surcharge_extrafee_textfield=, slc_additional_extrafee_button=, slc_additional_extrafee_name_textfield=, slc_additional_extrafee_amount_textfield=, slc_additional_extrafee_discard_button=, slc_additional_extrafee_save_button=, slc_oil_extrafee_radio=, slc_oil_extrafee_amount_textfield=, slc_environmental_extrafee_radio=, slc_environmental_extrafee_amount_textfield=, slc_recycling_extrafee_radio=, slc_recycling_extrafee_amount_textfield=, slc_clear_extrafees_button=, slc_total_button=, slc_additional_notes_textfield=, slc_discard_button=, slc_add_service_button=, =}}}]]>
              </value>
            </param>
          </params>
          <reporter-output>
          </reporter-output>
        </test-method> <!-- PM_NP_CP_TS01_TC11 -->
        <test-method status="FAIL" signature="PM_NP_CP_TS01_TC11_Edited(java.util.LinkedHashMap)[pri:0, instance:CRM.Prospects.UAT_PM_NP_CP_TS01_TC11@66a3ffec]" name="PM_NP_CP_TS01_TC11_Edited" duration-ms="21760" started-at="2019-09-05T10:46:23Z" data-provider="getTestDataInput" finished-at="2019-09-05T10:46:45Z">
          <params>
            <param index="0">
              <value>
                <![CDATA[{PM_NP_CP_TS01_TC11_Edited={ProspectIndex={pi_home_link=, pi_new_prospect_button=, pi_create_prospect_popup_combobox=, pi_create_prospect_discard_button=, pi_create_prospect_proceed_button=, pi_create_prospect_close_button=, pi_customers_tab_button=, pi_prospects_tab_button=, pi_prospect_search_checkbox=no, pi_amazon_search_dropdown=all, pi_amazon_search_textfield=Reg1_Sep5_TC11, pi_amazon_search_search_button=yes, pi_more_filters_button=, pi_prospect_level_from_dropdown=, pi_prospect_level_to_dropdown=, pi_salesrep_dropdown=, pi_date_prospect_added_from_textfield=, pi_date_prospect_added_to_textfield=, pi_estimated_amount_from_textfield=, pi_estimated_amount_to_textfield=, pi_next_followup_date_from_textfield=, pi_next_followup_date_to_textfield=, pi_comp_agg_exp_date_from_textfield=, pi_comp_agg_exp_date_to_textfield=, pi_branch_dropdown=, pi_prospect_status_multiselect=, pi_reset_filters_button=, pi_more_filters_search_button=, pi_less_filters_button=, pi_search_results_limit_dropdown=, pi_createreport_button=, pi_prospectgrid_results=Reg1_Sep5_TC11}, ProspectEdit={pe_company_name_textfield=, pe_business_type_dropdown=, pe_website_textfield=, pe_salesrep_dropdown=, pe_prospect_levelindicator=100, pe_business_unit_dropdown=, pe_competitor_agreement_expiry_date_textfield=, pe_competitor_dropdown=, pe_expiry_date_obtained_on_textfield=, pe_service_line_dropodown=, pe_service_type_dropdown=, pe_estimated_amount_textfield=, pe_container_size_dropdown=, pe_frequency_dropdown=, pe_add_contact_button=, pe_primary_contact_checkbox=, pe_contact_name_textfield=, pe_contact_position_textfield=, pe_contact_email_textfield=, pe_contact_primary_phone_textfield=, pe_contact_primary_extn_textfield=, pe_contact_secondary_phone_textfield=, pe_contact_secondary_extn_textfield=, pe_delete_contact_button=, pe_company_line1_textfield=, pe_company_line2_textfield=, pe_company_city_textfield=, pe_company_address_country_dropdown=, pe_company_address_province_dropdown=, pe_company_address_zipcode_textfield=, pe_billing_address_same_checkbox=, pe_billing_address_line1_textfield=, pe_billing_address_line2_textfield=, pe_billing_address_city_textfield=, pe_billing_address_country_dropdown=, pe_billing_address_province_dropdown=, pe_billing_address_zipcode_textfield=, pe_discard_button=, pe_saveandsubmit_button=, =}}}]]>
              </value>
            </param>
          </params>
          <exception class="org.openqa.selenium.TimeoutException">
            <message>
              <![CDATA[Expected condition failed: waiting for url to contain "edit". Current url: "https://wishes-qa.azurewebsites.net/prospects/view/10168?site=1401" (tried for 10 second(s) with 500 milliseconds interval)Build info: version: '3.11.0', revision: 'e59cfb3', time: '2018-03-11T20:26:55.152Z'System info: host: 'GFL06031', ip: '172.26.126.103', os.name: 'Windows 10', os.arch: 'amd64', os.version: '10.0', java.version: '1.8.0_221'Driver info: org.openqa.selenium.chrome.ChromeDriverCapabilities {acceptInsecureCerts: false, acceptSslCerts: false, applicationCacheEnabled: false, browserConnectionEnabled: false, browserName: chrome, chrome: {chromedriverVersion: 2.42.591088 (7b2b2dca23cca0..., userDataDir: C:\Users\jteja\AppData\Loca...}, cssSelectorsEnabled: true, databaseEnabled: false, goog:chromeOptions: {debuggerAddress: localhost:59898}, handlesAlerts: true, hasTouchScreen: false, javascriptEnabled: true, locationContextEnabled: true, mobileEmulationEnabled: false, nativeEvents: true, networkConnectionEnabled: false, pageLoadStrategy: normal, platform: XP, platformName: XP, rotatable: false, setWindowRect: true, takesHeapSnapshot: true, takesScreenshot: true, unexpectedAlertBehaviour: , unhandledPromptBehavior: , version: 76.0.3809.132, webStorageEnabled: true}Session ID: 50927fa91c66ee76e50a2a45b876b04d]]>
            </message>
            <full-stacktrace>
              <![CDATA[org.openqa.selenium.TimeoutException: Expected condition failed: waiting for url to contain "edit". Current url: "https://wishes-qa.azurewebsites.net/prospects/view/10168?site=1401" (tried for 10 second(s) with 500 milliseconds interval)Build info: version: '3.11.0', revision: 'e59cfb3', time: '2018-03-11T20:26:55.152Z'System info: host: 'GFL06031', ip: '172.26.126.103', os.name: 'Windows 10', os.arch: 'amd64', os.version: '10.0', java.version: '1.8.0_221'Driver info: org.openqa.selenium.chrome.ChromeDriverCapabilities {acceptInsecureCerts: false, acceptSslCerts: false, applicationCacheEnabled: false, browserConnectionEnabled: false, browserName: chrome, chrome: {chromedriverVersion: 2.42.591088 (7b2b2dca23cca0..., userDataDir: C:\Users\jteja\AppData\Loca...}, cssSelectorsEnabled: true, databaseEnabled: false, goog:chromeOptions: {debuggerAddress: localhost:59898}, handlesAlerts: true, hasTouchScreen: false, javascriptEnabled: true, locationContextEnabled: true, mobileEmulationEnabled: false, nativeEvents: true, networkConnectionEnabled: false, pageLoadStrategy: normal, platform: XP, platformName: XP, rotatable: false, setWindowRect: true, takesHeapSnapshot: true, takesScreenshot: true, unexpectedAlertBehaviour: , unhandledPromptBehavior: , version: 76.0.3809.132, webStorageEnabled: true}Session ID: 50927fa91c66ee76e50a2a45b876b04dat org.openqa.selenium.support.ui.WebDriverWait.timeoutException(WebDriverWait.java:81)at org.openqa.selenium.support.ui.FluentWait.until(FluentWait.java:271)at CRM.ViewPages.ProspectView.clickEditProspect(ProspectView.java:54)at CRM.Prospects.UAT_PM_NP_CP_TS01_TC11.PM_NP_CP_TS01_TC11_Edited(UAT_PM_NP_CP_TS01_TC11.java:128)at sun.reflect.NativeMethodAccessorImpl.invoke0(Native Method)at sun.reflect.NativeMethodAccessorImpl.invoke(Unknown Source)at sun.reflect.DelegatingMethodAccessorImpl.invoke(Unknown Source)at java.lang.reflect.Method.invoke(Unknown Source)at org.testng.internal.MethodInvocationHelper.invokeMethod(MethodInvocationHelper.java:124)at org.testng.internal.Invoker.invokeMethod(Invoker.java:571)at org.testng.internal.Invoker.invokeTestMethod(Invoker.java:707)at org.testng.internal.Invoker.invokeTestMethods(Invoker.java:979)at org.testng.internal.TestMethodWorker.invokeTestMethods(TestMethodWorker.java:125)at org.testng.internal.TestMethodWorker.run(TestMethodWorker.java:109)at org.testng.TestRunner.privateRun(TestRunner.java:648)at org.testng.TestRunner.run(TestRunner.java:505)at org.testng.SuiteRunner.runTest(SuiteRunner.java:455)at org.testng.SuiteRunner.runSequentially(SuiteRunner.java:450)at org.testng.SuiteRunner.privateRun(SuiteRunner.java:415)at org.testng.SuiteRunner.run(SuiteRunner.java:364)at org.testng.SuiteRunnerWorker.runSuite(SuiteRunnerWorker.java:52)at org.testng.SuiteRunnerWorker.run(SuiteRunnerWorker.java:84)at org.testng.TestNG.runSuitesSequentially(TestNG.java:1187)at org.testng.TestNG.runSuitesLocally(TestNG.java:1116)at org.testng.TestNG.runSuites(TestNG.java:1028)at org.testng.TestNG.run(TestNG.java:996)at org.testng.remote.AbstractRemoteTestNG.run(AbstractRemoteTestNG.java:115)at org.testng.remote.RemoteTestNG.initAndRun(RemoteTestNG.java:251)at org.testng.remote.RemoteTestNG.main(RemoteTestNG.java:77)]]>
            </full-stacktrace>
          </exception> <!-- org.openqa.selenium.TimeoutException -->
          <reporter-output>
          </reporter-output>
        </test-method> <!-- PM_NP_CP_TS01_TC11_Edited -->
      </class> <!-- CRM.Prospects.UAT_PM_NP_CP_TS01_TC11 -->
      <class name="CRM.Prospects.UAT_PM_NP_CP_TS01_TC10">
        <test-method status="PASS" signature="PM_NP_CP_TS01_TC10(java.util.LinkedHashMap)[pri:0, instance:CRM.Prospects.UAT_PM_NP_CP_TS01_TC10@3e6fa38a]" name="PM_NP_CP_TS01_TC10" duration-ms="44097" started-at="2019-09-05T10:44:37Z" data-provider="getTestDataInput" finished-at="2019-09-05T10:45:21Z">
          <params>
            <param index="0">
              <value>
                <![CDATA[{PM_NP_CP_TS01_TC10={ProspectIndex={pi_home_link=, pi_new_prospect_button=yes, pi_create_prospect_popup_combobox=xyz, pi_create_prospect_discard_button=, pi_create_prospect_proceed_button=, pi_create_prospect_close_button=, pi_customers_tab_button=, pi_prospects_tab_button=, pi_prospect_search_checkbox=, pi_amazon_search_dropdown=, pi_amazon_search_textfield=, pi_amazon_search_search_button=, pi_more_filters_button=, pi_prospect_level_from_dropdown=, pi_prospect_level_to_dropdown=, pi_salesrep_dropdown=, pi_date_prospect_added_from_textfield=, pi_date_prospect_added_to_textfield=, pi_estimated_amount_from_textfield=, pi_estimated_amount_to_textfield=, pi_next_followup_date_from_textfield=, pi_next_followup_date_to_textfield=, pi_comp_agg_exp_date_from_textfield=, pi_comp_agg_exp_date_to_textfield=, pi_branch_dropdown=, pi_prospect_status_multiselect=, pi_reset_filters_button=, pi_more_filters_search_button=, pi_less_filters_button=, pi_search_results_limit_dropdown=, pi_createreport_button=, pi_prospectgrid_results=}, ProspectCreate={pc_company_name_textfield=Reg1_Sep5_TC10, pc_website_textfield=, pc_salesrep_dropdown=rency Naveen, pc_prospect_levelindicator=25, pc_business_unit_dropdown=Halifax (HIT), pc_competitor_agreement_expiry_date_textfield=, pc_competitor_dropdown=, pc_expiry_date_obtained_on_textfield=, pc_service_line_dropdown=, pc_service_type_dropdown=, pc_estimated_amount_textfield=, pc_container_size_dropdown=, pc_frequency_dropdown=, pc_add_contact_button=Yes, pc_primary_contact_checkbox=Yes, pc_contact_name_textfield=TC10Contact, pc_contact_position_textfield=TC10Position, pc_contact_email_textfield=TC10@email.com, pc_contact_primary_phone_textfield=1234567899, pc_contact_primary_extn_textfield=45628, pc_contact_secondary_phone_textfield=2589631470, pc_contact_secondary_extn_textfield=25856, pc_delete_contact_button=, pc_company_address_line1_textfield=AddressLine 1, pc_company_address_line2_textfield=AddressLine 1, pc_company_address_city_textfield=Toronto, pc_company_address_country_dropdown=Canada, pc_company_address_province_dropdown=Ontario, pc_company_address_zipcode_textfield=M4S 2H2, pc_billing_address_same_checkbox=yes, pc_billing_address_line1_textfield=, pc_billing_address_line2_textfield=, pc_billing_address_city_textfield=, pc_billing_address_country_dropdown=, pc_billing_address_province_dropdown=, pc_billing_address_zipcode_textfield=, pc_site_name_textfield=Yonge & Soudan 10, pc_site_salesrep_dropdown=rency Naveen, pc_side_address_same_checkbox=Yes, pc_site_address_line1_textfield=, pc_site_address_line2_textfield=, pc_site_address_city_textfield=, pc_site_address_country_dropdown=, pc_site_address_province_dropdown=, pc_site_address_zipcode_textfield=, pc_site_contact_same_checkbox=Yes, pc_site_contact_textfield=, pc_site_contact_position_textfield=, pc_site_email_textfield=, pc_site_primary_phone_textfield=, pc_site_primary_extn_textfield=, pc_site_secondary_phone_textfield=, pc_site_secondary_extn_textfield=, pc_discard_button=, pc_save_and_submit_button=}, AgreementCreate={ac_home_link=, ac_agreements_link=, ac_create_agreement_link=, ac_review_details_link=, ac_customer_copy_link=, ac_agreement_name_combobox=, ac_po_number_textfield=988886, ac_created_on_textfield=, ac_effective_of_textfield=, ac_mark_as_urgent_checkbox=Yes, ac_expires_on_dropdown=, ac_customer_name_combobox=, ac_site_name_combobox=, ac_add_new_site_button=, ac_site_name_textfield=, ac_site_salesrep_dropdown=, ac_site_address_line1_textfield=, ac_site_address_line2_textfield=, ac_site_address_country_dropdown=, ac_site_address_province_dropdown=, ac_site_address_city_textfield=, ac_site_address_zipcode_textfield=, ac_site_contact_primary_checkbox=, ac_site_contact_name_textfield=, ac_site_contact_position_textfield=, ac_site_contact_email_textfield=, ac_site_contact_primary_phone_textfield=, ac_site_contact_primary_extn_textfield=, ac_site_contact_secondary_phone_textfield=, ac_site_contact_secondary_extn_textfield=, ac_site_discard_button=, ac_site_save_button=, ac_add_new_service_button=, ac_discard_button=, ac_save_as_quote_button=, ac_next_button=, =,  =}, SLCreate={slc_home_link=, slc_agreements_link=, slc_service_type_dropdown=Front End, slc_margin_dropdown=35, slc_container_count_textfield=20, slc_service_frequency_dropdown=Weekly, slc_container_type_dropdown=FL Loose, slc_container_size_dropdown=8 yrd, slc_material_type_dropdown=contaminated recycling, slc_route_dropdown=Halifax, slc_route_density_dropdown=Medium Density, slc_location_type_textfield=yard, slc_disposal_site_dropdown=Scotia Recycle, slc_weight_textfield=50, slc_uom_dropdown=KG/YD, slc_container_rental_fee_textfield=500, slc_clear_calculations_button=, slc_calculate_button=yes, slc_monthly_rate_edit_button=, slc_monthly_rate_textfield=, slc_monthly_rate_cancel_button=, slc_monthly_rate_save_button=, slc_delivery_extrafee_textfield=, slc_extra_lift_extrafee_textfield=, slc_removal_extrafee_textfield=, slc_relocation_extrafee_textfield=, slc_admin_extrafee_textfield=, slc_commodity_surcharge_extrafee_textfield=, slc_additional_extrafee_button=, slc_additional_extrafee_name_textfield=, slc_additional_extrafee_amount_textfield=, slc_additional_extrafee_discard_button=, slc_additional_extrafee_save_button=, slc_oil_extrafee_radio=, slc_oil_extrafee_amount_textfield=, slc_environmental_extrafee_radio=, slc_environmental_extrafee_amount_textfield=, slc_recycling_extrafee_radio=, slc_recycling_extrafee_amount_textfield=, slc_clear_extrafees_button=, slc_total_button=, slc_additional_notes_textfield=, slc_discard_button=, slc_add_service_button=, =}}}]]>
              </value>
            </param>
          </params>
          <reporter-output>
          </reporter-output>
        </test-method> <!-- PM_NP_CP_TS01_TC10 -->
        <test-method status="PASS" signature="PM_NP_CP_TS01_TC10_Edited(java.util.LinkedHashMap)[pri:0, instance:CRM.Prospects.UAT_PM_NP_CP_TS01_TC10@3e6fa38a]" name="PM_NP_CP_TS01_TC10_Edited" duration-ms="14322" started-at="2019-09-05T10:45:21Z" data-provider="getTestDataInput" finished-at="2019-09-05T10:45:35Z">
          <params>
            <param index="0">
              <value>
                <![CDATA[{PM_NP_CP_TS01_TC10_Edited={ProspectIndex={pi_home_link=, pi_new_prospect_button=, pi_create_prospect_popup_combobox=, pi_create_prospect_discard_button=, pi_create_prospect_proceed_button=, pi_create_prospect_close_button=, pi_customers_tab_button=, pi_prospects_tab_button=, pi_prospect_search_checkbox=no, pi_amazon_search_dropdown=all, pi_amazon_search_textfield=Reg1_Sep5_TC10, pi_amazon_search_search_button=yes, pi_more_filters_button=, pi_prospect_level_from_dropdown=, pi_prospect_level_to_dropdown=, pi_salesrep_dropdown=, pi_date_prospect_added_from_textfield=, pi_date_prospect_added_to_textfield=, pi_estimated_amount_from_textfield=, pi_estimated_amount_to_textfield=, pi_next_followup_date_from_textfield=, pi_next_followup_date_to_textfield=, pi_comp_agg_exp_date_from_textfield=, pi_comp_agg_exp_date_to_textfield=, pi_branch_dropdown=, pi_prospect_status_multiselect=, pi_reset_filters_button=, pi_more_filters_search_button=, pi_less_filters_button=, pi_search_results_limit_dropdown=, pi_createreport_button=, pi_prospectgrid_results=Reg1_Sep5_TC10}, ProspectEdit={pe_company_name_textfield=, pe_business_type_dropdown=, pe_website_textfield=, pe_salesrep_dropdown=, pe_prospect_levelindicator=75, pe_business_unit_dropdown=, pe_competitor_agreement_expiry_date_textfield=, pe_competitor_dropdown=, pe_expiry_date_obtained_on_textfield=, pe_service_line_dropodown=, pe_service_type_dropdown=, pe_estimated_amount_textfield=, pe_container_size_dropdown=, pe_frequency_dropdown=, pe_add_contact_button=, pe_primary_contact_checkbox=, pe_contact_name_textfield=, pe_contact_position_textfield=, pe_contact_email_textfield=, pe_contact_primary_phone_textfield=, pe_contact_primary_extn_textfield=, pe_contact_secondary_phone_textfield=, pe_contact_secondary_extn_textfield=, pe_delete_contact_button=, pe_company_line1_textfield=, pe_company_line2_textfield=, pe_company_city_textfield=, pe_company_address_country_dropdown=, pe_company_address_province_dropdown=, pe_company_address_zipcode_textfield=, pe_billing_address_same_checkbox=, pe_billing_address_line1_textfield=, pe_billing_address_line2_textfield=, pe_billing_address_city_textfield=, pe_billing_address_country_dropdown=, pe_billing_address_province_dropdown=, pe_billing_address_zipcode_textfield=, pe_discard_button=, pe_saveandsubmit_button=, =}}}]]>
              </value>
            </param>
          </params>
          <reporter-output>
          </reporter-output>
        </test-method> <!-- PM_NP_CP_TS01_TC10_Edited -->
      </class> <!-- CRM.Prospects.UAT_PM_NP_CP_TS01_TC10 -->
      <class name="CRM.Prospects.UAT_PM_NP_CP_TS01_TC02">
        <test-method status="PASS" signature="PM_NP_CP_TS01_TC02(java.util.LinkedHashMap)[pri:0, instance:CRM.Prospects.UAT_PM_NP_CP_TS01_TC02@26653222]" name="PM_NP_CP_TS01_TC02" duration-ms="11292" started-at="2019-09-05T10:40:44Z" data-provider="getTestDataInput" finished-at="2019-09-05T10:40:55Z">
          <params>
            <param index="0">
              <value>
                <![CDATA[{PM_NP_CP_TS01_TC02={ProspectIndex={pi_home_link=, pi_new_prospect_button=yes, pi_create_prospect_popup_combobox=xyz, pi_create_prospect_discard_button=, pi_create_prospect_proceed_button=, pi_create_prospect_close_button=, pi_customers_tab_button=, pi_prospects_tab_button=, pi_prospect_search_checkbox=, pi_amazon_search_dropdown=, pi_amazon_search_textfield=, pi_amazon_search_search_button=, pi_more_filters_button=, pi_prospect_level_from_dropdown=, pi_prospect_level_to_dropdown=, pi_salesrep_dropdown=, pi_date_prospect_added_from_textfield=, pi_date_prospect_added_to_textfield=, pi_estimated_amount_from_textfield=, pi_estimated_amount_to_textfield=, pi_next_followup_date_from_textfield=, pi_next_followup_date_to_textfield=, pi_comp_agg_exp_date_from_textfield=, pi_comp_agg_exp_date_to_textfield=, pi_branch_dropdown=, pi_prospect_status_multiselect=, pi_reset_filters_button=, pi_more_filters_search_button=, pi_less_filters_button=, pi_search_results_limit_dropdown=, pi_createreport_button=, pi_prospectgrid_results=}, ProspectCreate={pc_company_name_textfield=Reg1_Sep5_TC02, pc_website_textfield=, pc_salesrep_dropdown=Jeevan Teja, pc_prospect_levelindicator=0, pc_business_unit_dropdown=Halifax (HIT), pc_competitor_agreement_expiry_date_textfield=, pc_competitor_dropdown=, pc_expiry_date_obtained_on_textfield=, pc_service_line_dropdown=, pc_service_type_dropdown=, pc_estimated_amount_textfield=, pc_container_size_dropdown=, pc_frequency_dropdown=, pc_add_contact_button=, pc_primary_contact_checkbox=, pc_contact_name_textfield=, pc_contact_position_textfield=, pc_contact_email_textfield=, pc_contact_primary_phone_textfield=, pc_contact_primary_extn_textfield=, pc_contact_secondary_phone_textfield=, pc_contact_secondary_extn_textfield=, pc_delete_contact_button=, pc_company_address_line1_textfield=, pc_company_address_line2_textfield=, pc_company_address_city_textfield=, pc_company_address_country_dropdown=, pc_company_address_province_dropdown=, pc_company_address_zipcode_textfield=, pc_billing_address_same_checkbox=, pc_billing_address_line1_textfield=, pc_billing_address_line2_textfield=, pc_billing_address_city_textfield=, pc_billing_address_country_dropdown=, pc_billing_address_province_dropdown=, pc_billing_address_zipcode_textfield=, pc_site_name_textfield=, pc_site_salesrep_dropdown=, pc_side_address_same_checkbox=, pc_site_address_line1_textfield=, pc_site_address_line2_textfield=, pc_site_address_city_textfield=, pc_site_address_country_dropdown=, pc_site_address_province_dropdown=, pc_site_address_zipcode_textfield=, pc_site_contact_same_checkbox=, pc_site_contact_textfield=, pc_site_contact_position_textfield=, pc_site_email_textfield=, pc_site_primary_phone_textfield=, pc_site_primary_extn_textfield=, pc_site_secondary_phone_textfield=, pc_site_secondary_extn_textfield=, pc_discard_button=, pc_save_and_submit_button=}}}]]>
              </value>
            </param>
          </params>
          <reporter-output>
          </reporter-output>
        </test-method> <!-- PM_NP_CP_TS01_TC02 -->
      </class> <!-- CRM.Prospects.UAT_PM_NP_CP_TS01_TC02 -->
      <class name="CRM.Prospects.UAT_PM_NP_CP_TS01_TC01">
        <test-method status="PASS" signature="setUp()[pri:0, instance:CRM.Prospects.UAT_PM_NP_CP_TS01_TC01@5e5792a0]" name="setUp" is-config="true" duration-ms="11223" started-at="2019-09-05T10:40:20Z" finished-at="2019-09-05T10:40:31Z">
          <reporter-output>
          </reporter-output>
        </test-method> <!-- setUp -->
        <test-method status="PASS" signature="PM_NP_CP_TS01_TC01(java.util.LinkedHashMap)[pri:0, instance:CRM.Prospects.UAT_PM_NP_CP_TS01_TC01@5e5792a0]" name="PM_NP_CP_TS01_TC01" duration-ms="12674" started-at="2019-09-05T10:40:31Z" data-provider="getTestDataInput" finished-at="2019-09-05T10:40:44Z">
          <params>
            <param index="0">
              <value>
                <![CDATA[{PM_NP_CP_TS01_TC01={ProspectIndex={pi_home_link=, pi_new_prospect_button=yes, pi_create_prospect_popup_combobox=xyz, pi_create_prospect_discard_button=, pi_create_prospect_proceed_button=, pi_create_prospect_close_button=, pi_customers_tab_button=, pi_prospects_tab_button=, pi_prospect_search_checkbox=, pi_amazon_search_dropdown=, pi_amazon_search_textfield=, pi_amazon_search_search_button=, pi_more_filters_button=, pi_prospect_level_from_dropdown=, pi_prospect_level_to_dropdown=, pi_salesrep_dropdown=, pi_date_prospect_added_from_textfield=, pi_date_prospect_added_to_textfield=, pi_estimated_amount_from_textfield=, pi_estimated_amount_to_textfield=, pi_next_followup_date_from_textfield=, pi_next_followup_date_to_textfield=, pi_comp_agg_exp_date_from_textfield=, pi_comp_agg_exp_date_to_textfield=, pi_branch_dropdown=, pi_prospect_status_multiselect=, pi_reset_filters_button=, pi_more_filters_search_button=, pi_less_filters_button=, pi_search_results_limit_dropdown=, pi_createreport_button=, pi_prospectgrid_results=}}}]]>
              </value>
            </param>
          </params>
          <reporter-output>
          </reporter-output>
        </test-method> <!-- PM_NP_CP_TS01_TC01 -->
        <test-method status="PASS" signature="tearDown()[pri:0, instance:CRM.Prospects.UAT_PM_NP_CP_TS01_TC01@5e5792a0]" name="tearDown" is-config="true" duration-ms="679" started-at="2019-09-05T10:46:46Z" finished-at="2019-09-05T10:46:46Z">
          <reporter-output>
          </reporter-output>
        </test-method> <!-- tearDown -->
      </class> <!-- CRM.Prospects.UAT_PM_NP_CP_TS01_TC01 -->
      <class name="CRM.Prospects.UAT_PM_NP_CP_TS01_TC08">
        <test-method status="PASS" signature="PM_NP_CP_TS01_TC08(java.util.LinkedHashMap)[pri:0, instance:CRM.Prospects.UAT_PM_NP_CP_TS01_TC08@6f7fd0e6]" name="PM_NP_CP_TS01_TC08" duration-ms="45968" started-at="2019-09-05T10:42:52Z" data-provider="getTestDataInput" finished-at="2019-09-05T10:43:38Z">
          <params>
            <param index="0">
              <value>
                <![CDATA[{PM_NP_CP_TS01_TC08={ProspectIndex={pi_home_link=, pi_new_prospect_button=yes, pi_create_prospect_popup_combobox=xyz, pi_create_prospect_discard_button=, pi_create_prospect_proceed_button=, pi_create_prospect_close_button=, pi_customers_tab_button=, pi_prospects_tab_button=, pi_prospect_search_checkbox=, pi_amazon_search_dropdown=, pi_amazon_search_textfield=, pi_amazon_search_search_button=, pi_more_filters_button=, pi_prospect_level_from_dropdown=, pi_prospect_level_to_dropdown=, pi_salesrep_dropdown=, pi_date_prospect_added_from_textfield=, pi_date_prospect_added_to_textfield=, pi_estimated_amount_from_textfield=, pi_estimated_amount_to_textfield=, pi_next_followup_date_from_textfield=, pi_next_followup_date_to_textfield=, pi_comp_agg_exp_date_from_textfield=, pi_comp_agg_exp_date_to_textfield=, pi_branch_dropdown=, pi_prospect_status_multiselect=, pi_reset_filters_button=, pi_more_filters_search_button=, pi_less_filters_button=, pi_search_results_limit_dropdown=, pi_createreport_button=, pi_prospectgrid_results=}, ProspectCreate={pc_company_name_textfield=Reg1_Sep5_TC08, pc_website_textfield=, pc_salesrep_dropdown=rency Naveen, pc_prospect_levelindicator=25, pc_business_unit_dropdown=Halifax (HIT), pc_competitor_agreement_expiry_date_textfield=, pc_competitor_dropdown=, pc_expiry_date_obtained_on_textfield=, pc_service_line_dropdown=, pc_service_type_dropdown=, pc_estimated_amount_textfield=, pc_container_size_dropdown=, pc_frequency_dropdown=, pc_add_contact_button=Yes, pc_primary_contact_checkbox=Yes, pc_contact_name_textfield=TC08Contact, pc_contact_position_textfield=TC08Position, pc_contact_email_textfield=TC08@email.com, pc_contact_primary_phone_textfield=1234567899, pc_contact_primary_extn_textfield=45628, pc_contact_secondary_phone_textfield=2589631470, pc_contact_secondary_extn_textfield=25856, pc_delete_contact_button=, pc_company_address_line1_textfield=AddressLine 1, pc_company_address_line2_textfield=AddressLine 1, pc_company_address_city_textfield=Toronto, pc_company_address_country_dropdown=Canada, pc_company_address_province_dropdown=Ontario, pc_company_address_zipcode_textfield=M4S 2H2, pc_billing_address_same_checkbox=yes, pc_billing_address_line1_textfield=, pc_billing_address_line2_textfield=, pc_billing_address_city_textfield=, pc_billing_address_country_dropdown=, pc_billing_address_province_dropdown=, pc_billing_address_zipcode_textfield=, pc_site_name_textfield=Yonge & Soudan 08, pc_site_salesrep_dropdown=rency Naveen, pc_side_address_same_checkbox=Yes, pc_site_address_line1_textfield=, pc_site_address_line2_textfield=, pc_site_address_city_textfield=, pc_site_address_country_dropdown=, pc_site_address_province_dropdown=, pc_site_address_zipcode_textfield=, pc_site_contact_same_checkbox=Yes, pc_site_contact_textfield=, pc_site_contact_position_textfield=, pc_site_email_textfield=, pc_site_primary_phone_textfield=, pc_site_primary_extn_textfield=, pc_site_secondary_phone_textfield=, pc_site_secondary_extn_textfield=, pc_discard_button=, pc_save_and_submit_button=}, SiteCreate={sc_site_name_textfield=TC08Site, sc_sales_rep_dropdown=Jeevan Teja, sc_site_address_same_checkbox=no, sc_address_line1_textfield=SiteAddress1, sc_address_line2_textfield=SiteAddress2, sc_address_ciy_textfield=SiteCity, sc_address_country_dropdown=Canada, sc_address_province_dropdown=Ontario, sc_address_zipcode_textfield=L3Z0J7, sc_contact_name_textfield=TC08Contact, sc_contact_position_textfield=TC08Positon, sc_contact_email_textfield=TC08@email.com, sc_contact_primary_phone_textfield=1593578420, sc_contact_primary_extn_textfield=25845, sc_contact_secondary_phone_textfield=1478523690, sc_contact_secondary_extn_textfield=32434, sc_discard_button=, sc_saveandsubmit_button=, =,  =}, AgreementCreate={ac_home_link=, ac_agreements_link=, ac_create_agreement_link=, ac_review_details_link=, ac_customer_copy_link=, ac_agreement_name_combobox=, ac_po_number_textfield=985648, ac_created_on_textfield=, ac_effective_of_textfield=, ac_mark_as_urgent_checkbox=Yes, ac_expires_on_dropdown=, ac_customer_name_combobox=, ac_site_name_combobox=, ac_add_new_site_button=, ac_site_name_textfield=, ac_site_salesrep_dropdown=, ac_site_address_line1_textfield=, ac_site_address_line2_textfield=, ac_site_address_country_dropdown=, ac_site_address_province_dropdown=, ac_site_address_city_textfield=, ac_site_address_zipcode_textfield=, ac_site_contact_primary_checkbox=, ac_site_contact_name_textfield=, ac_site_contact_position_textfield=, ac_site_contact_email_textfield=, ac_site_contact_primary_phone_textfield=, ac_site_contact_primary_extn_textfield=, ac_site_contact_secondary_phone_textfield=, ac_site_contact_secondary_extn_textfield=, ac_site_discard_button=, ac_site_save_button=, ac_add_new_service_button=, ac_discard_button=, ac_save_as_quote_button=, ac_next_button=, =,  =}}}]]>
              </value>
            </param>
          </params>
          <reporter-output>
          </reporter-output>
        </test-method> <!-- PM_NP_CP_TS01_TC08 -->
        <test-method status="PASS" signature="PM_NP_CP_TS01_TC08_Edited(java.util.LinkedHashMap)[pri:0, instance:CRM.Prospects.UAT_PM_NP_CP_TS01_TC08@6f7fd0e6]" name="PM_NP_CP_TS01_TC08_Edited" duration-ms="17671" started-at="2019-09-05T10:43:38Z" data-provider="getTestDataInput" finished-at="2019-09-05T10:43:56Z">
          <params>
            <param index="0">
              <value>
                <![CDATA[{PM_NP_CP_TS01_TC08_Edited={ProspectIndex={pi_home_link=, pi_new_prospect_button=, pi_create_prospect_popup_combobox=, pi_create_prospect_discard_button=, pi_create_prospect_proceed_button=, pi_create_prospect_close_button=, pi_customers_tab_button=, pi_prospects_tab_button=, pi_prospect_search_checkbox=no, pi_amazon_search_dropdown=all, pi_amazon_search_textfield=Reg1_Sep5_TC08, pi_amazon_search_search_button=yes, pi_more_filters_button=, pi_prospect_level_from_dropdown=, pi_prospect_level_to_dropdown=, pi_salesrep_dropdown=, pi_date_prospect_added_from_textfield=, pi_date_prospect_added_to_textfield=, pi_estimated_amount_from_textfield=, pi_estimated_amount_to_textfield=, pi_next_followup_date_from_textfield=, pi_next_followup_date_to_textfield=, pi_comp_agg_exp_date_from_textfield=, pi_comp_agg_exp_date_to_textfield=, pi_branch_dropdown=, pi_prospect_status_multiselect=, pi_reset_filters_button=, pi_more_filters_search_button=, pi_less_filters_button=, pi_search_results_limit_dropdown=, pi_createreport_button=, pi_prospectgrid_results=Reg1_Sep5_TC08}, ProspectEdit={pe_company_name_textfield=, pe_business_type_dropdown=, pe_website_textfield=, pe_salesrep_dropdown=, pe_prospect_levelindicator=50, pe_business_unit_dropdown=, pe_competitor_agreement_expiry_date_textfield=, pe_competitor_dropdown=, pe_expiry_date_obtained_on_textfield=, pe_service_line_dropodown=, pe_service_type_dropdown=, pe_estimated_amount_textfield=, pe_container_size_dropdown=, pe_frequency_dropdown=, pe_add_contact_button=, pe_primary_contact_checkbox=, pe_contact_name_textfield=, pe_contact_position_textfield=, pe_contact_email_textfield=, pe_contact_primary_phone_textfield=, pe_contact_primary_extn_textfield=, pe_contact_secondary_phone_textfield=, pe_contact_secondary_extn_textfield=, pe_delete_contact_button=, pe_company_line1_textfield=, pe_company_line2_textfield=, pe_company_city_textfield=, pe_company_address_country_dropdown=, pe_company_address_province_dropdown=, pe_company_address_zipcode_textfield=, pe_billing_address_same_checkbox=, pe_billing_address_line1_textfield=, pe_billing_address_line2_textfield=, pe_billing_address_city_textfield=, pe_billing_address_country_dropdown=, pe_billing_address_province_dropdown=, pe_billing_address_zipcode_textfield=, pe_discard_button=, pe_saveandsubmit_button=, =}}}]]>
              </value>
            </param>
          </params>
          <reporter-output>
          </reporter-output>
        </test-method> <!-- PM_NP_CP_TS01_TC08_Edited -->
      </class> <!-- CRM.Prospects.UAT_PM_NP_CP_TS01_TC08 -->
      <class name="CRM.Prospects.UAT_PM_NP_CP_TS01_TC07">
        <test-method status="PASS" signature="PM_NP_CP_TS01_TC07(java.util.LinkedHashMap)[pri:0, instance:CRM.Prospects.UAT_PM_NP_CP_TS01_TC07@27efef64]" name="PM_NP_CP_TS01_TC07" duration-ms="39912" started-at="2019-09-05T10:42:12Z" data-provider="getTestDataInput" finished-at="2019-09-05T10:42:52Z">
          <params>
            <param index="0">
              <value>
                <![CDATA[{PM_NP_CP_TS01_TC07={ProspectIndex={pi_home_link=, pi_new_prospect_button=yes, pi_create_prospect_popup_combobox=xyz, pi_create_prospect_discard_button=, pi_create_prospect_proceed_button=, pi_create_prospect_close_button=, pi_customers_tab_button=, pi_prospects_tab_button=, pi_prospect_search_checkbox=, pi_amazon_search_dropdown=, pi_amazon_search_textfield=, pi_amazon_search_search_button=, pi_more_filters_button=, pi_prospect_level_from_dropdown=, pi_prospect_level_to_dropdown=, pi_salesrep_dropdown=, pi_date_prospect_added_from_textfield=, pi_date_prospect_added_to_textfield=, pi_estimated_amount_from_textfield=, pi_estimated_amount_to_textfield=, pi_next_followup_date_from_textfield=, pi_next_followup_date_to_textfield=, pi_comp_agg_exp_date_from_textfield=, pi_comp_agg_exp_date_to_textfield=, pi_branch_dropdown=, pi_prospect_status_multiselect=, pi_reset_filters_button=, pi_more_filters_search_button=, pi_less_filters_button=, pi_search_results_limit_dropdown=, pi_createreport_button=, pi_prospectgrid_results=}, ProspectCreate={pc_company_name_textfield=Reg1_Sep5_TC07, pc_website_textfield=, pc_salesrep_dropdown=Jeevan Teja, pc_prospect_levelindicator=25, pc_business_unit_dropdown=Halifax (HIT), pc_competitor_agreement_expiry_date_textfield=, pc_competitor_dropdown=, pc_expiry_date_obtained_on_textfield=, pc_service_line_dropdown=, pc_service_type_dropdown=, pc_estimated_amount_textfield=, pc_container_size_dropdown=, pc_frequency_dropdown=, pc_add_contact_button=Yes, pc_primary_contact_checkbox=Yes, pc_contact_name_textfield=TC07Contact, pc_contact_position_textfield=TC07Position, pc_contact_email_textfield=TC07@email.com, pc_contact_primary_phone_textfield=1234567899, pc_contact_primary_extn_textfield=45628, pc_contact_secondary_phone_textfield=2589631470, pc_contact_secondary_extn_textfield=25856, pc_delete_contact_button=, pc_company_address_line1_textfield=AddressLine 1, pc_company_address_line2_textfield=AddressLine 1, pc_company_address_city_textfield=Toronto, pc_company_address_country_dropdown=Canada, pc_company_address_province_dropdown=Ontario, pc_company_address_zipcode_textfield=M4S 2H2, pc_billing_address_same_checkbox=yes, pc_billing_address_line1_textfield=, pc_billing_address_line2_textfield=, pc_billing_address_city_textfield=, pc_billing_address_country_dropdown=, pc_billing_address_province_dropdown=, pc_billing_address_zipcode_textfield=, pc_site_name_textfield=, pc_site_salesrep_dropdown=, pc_side_address_same_checkbox=, pc_site_address_line1_textfield=, pc_site_address_line2_textfield=, pc_site_address_city_textfield=, pc_site_address_country_dropdown=, pc_site_address_province_dropdown=, pc_site_address_zipcode_textfield=, pc_site_contact_same_checkbox=, pc_site_contact_textfield=, pc_site_contact_position_textfield=, pc_site_email_textfield=, pc_site_primary_phone_textfield=, pc_site_primary_extn_textfield=, pc_site_secondary_phone_textfield=, pc_site_secondary_extn_textfield=, pc_discard_button=, pc_save_and_submit_button=}, SiteCreate={sc_site_name_textfield=TC07Site, sc_sales_rep_dropdown=Jeevan Teja, sc_site_address_same_checkbox=no, sc_address_line1_textfield=SiteAddress1, sc_address_line2_textfield=SiteAddress2, sc_address_ciy_textfield=SiteCity, sc_address_country_dropdown=Canada, sc_address_province_dropdown=Ontario, sc_address_zipcode_textfield=L3Z0J7, sc_contact_name_textfield=TC07Contact, sc_contact_position_textfield=TC07Positon, sc_contact_email_textfield=TC07@email.com, sc_contact_primary_phone_textfield=1593578420, sc_contact_primary_extn_textfield=25845, sc_contact_secondary_phone_textfield=1478523690, sc_contact_secondary_extn_textfield=25745, sc_discard_button=, sc_saveandsubmit_button=, =,  =}, ProspectEdit={pe_company_name_textfield=, pe_business_type_dropdown=, pe_website_textfield=, pe_salesrep_dropdown=, pe_prospect_levelindicator=50, pe_business_unit_dropdown=, pe_competitor_agreement_expiry_date_textfield=, pe_competitor_dropdown=, pe_expiry_date_obtained_on_textfield=, pe_service_line_dropodown=, pe_service_type_dropdown=, pe_estimated_amount_textfield=, pe_container_size_dropdown=, pe_frequency_dropdown=, pe_add_contact_button=, pe_primary_contact_checkbox=, pe_contact_name_textfield=, pe_contact_position_textfield=, pe_contact_email_textfield=, pe_contact_primary_phone_textfield=, pe_contact_primary_extn_textfield=, pe_contact_secondary_phone_textfield=, pe_contact_secondary_extn_textfield=, pe_delete_contact_button=, pe_company_line1_textfield=, pe_company_line2_textfield=, pe_company_city_textfield=, pe_company_address_country_dropdown=, pe_company_address_province_dropdown=, pe_company_address_zipcode_textfield=, pe_billing_address_same_checkbox=, pe_billing_address_line1_textfield=, pe_billing_address_line2_textfield=, pe_billing_address_city_textfield=, pe_billing_address_country_dropdown=, pe_billing_address_province_dropdown=, pe_billing_address_zipcode_textfield=, pe_discard_button=, pe_saveandsubmit_button=, =}}}]]>
              </value>
            </param>
          </params>
          <reporter-output>
          </reporter-output>
        </test-method> <!-- PM_NP_CP_TS01_TC07 -->
      </class> <!-- CRM.Prospects.UAT_PM_NP_CP_TS01_TC07 -->
      <class name="CRM.Prospects.UAT_PM_NP_CP_TS01_TC09">
        <test-method status="PASS" signature="PM_NP_CP_TS01_TC09(java.util.LinkedHashMap)[pri:0, instance:CRM.Prospects.UAT_PM_NP_CP_TS01_TC09@47c62251]" name="PM_NP_CP_TS01_TC09" duration-ms="30212" started-at="2019-09-05T10:43:56Z" data-provider="getTestDataInput" finished-at="2019-09-05T10:44:26Z">
          <params>
            <param index="0">
              <value>
                <![CDATA[{PM_NP_CP_TS01_TC09={ProspectIndex={pi_home_link=, pi_new_prospect_button=yes, pi_create_prospect_popup_combobox=xyz, pi_create_prospect_discard_button=, pi_create_prospect_proceed_button=, pi_create_prospect_close_button=, pi_customers_tab_button=, pi_prospects_tab_button=, pi_prospect_search_checkbox=, pi_amazon_search_dropdown=, pi_amazon_search_textfield=, pi_amazon_search_search_button=, pi_more_filters_button=, pi_prospect_level_from_dropdown=, pi_prospect_level_to_dropdown=, pi_salesrep_dropdown=, pi_date_prospect_added_from_textfield=, pi_date_prospect_added_to_textfield=, pi_estimated_amount_from_textfield=, pi_estimated_amount_to_textfield=, pi_next_followup_date_from_textfield=, pi_next_followup_date_to_textfield=, pi_comp_agg_exp_date_from_textfield=, pi_comp_agg_exp_date_to_textfield=, pi_branch_dropdown=, pi_prospect_status_multiselect=, pi_reset_filters_button=, pi_more_filters_search_button=, pi_less_filters_button=, pi_search_results_limit_dropdown=, pi_createreport_button=, pi_prospectgrid_results=}, ProspectCreate={pc_company_name_textfield=Reg1_Sep5_TC09, pc_website_textfield=, pc_salesrep_dropdown=rency Naveen, pc_prospect_levelindicator=0, pc_business_unit_dropdown=Halifax (HIT), pc_competitor_agreement_expiry_date_textfield=, pc_competitor_dropdown=, pc_expiry_date_obtained_on_textfield=, pc_service_line_dropdown=, pc_service_type_dropdown=, pc_estimated_amount_textfield=, pc_container_size_dropdown=, pc_frequency_dropdown=, pc_add_contact_button=, pc_primary_contact_checkbox=, pc_contact_name_textfield=, pc_contact_position_textfield=, pc_contact_email_textfield=, pc_contact_primary_phone_textfield=, pc_contact_primary_extn_textfield=, pc_contact_secondary_phone_textfield=, pc_contact_secondary_extn_textfield=, pc_delete_contact_button=, pc_company_address_line1_textfield=, pc_company_address_line2_textfield=, pc_company_address_city_textfield=, pc_company_address_country_dropdown=, pc_company_address_province_dropdown=, pc_company_address_zipcode_textfield=, pc_billing_address_same_checkbox=, pc_billing_address_line1_textfield=, pc_billing_address_line2_textfield=, pc_billing_address_city_textfield=, pc_billing_address_country_dropdown=, pc_billing_address_province_dropdown=, pc_billing_address_zipcode_textfield=, pc_site_name_textfield=, pc_site_salesrep_dropdown=, pc_side_address_same_checkbox=, pc_site_address_line1_textfield=, pc_site_address_line2_textfield=, pc_site_address_city_textfield=, pc_site_address_country_dropdown=, pc_site_address_province_dropdown=, pc_site_address_zipcode_textfield=, pc_site_contact_same_checkbox=, pc_site_contact_textfield=, pc_site_contact_position_textfield=, pc_site_email_textfield=, pc_site_primary_phone_textfield=, pc_site_primary_extn_textfield=, pc_site_secondary_phone_textfield=, pc_site_secondary_extn_textfield=, pc_discard_button=, pc_save_and_submit_button=}, SiteCreate={sc_site_name_textfield=TC08Site, sc_sales_rep_dropdown=Jeevan Teja, sc_site_address_same_checkbox=no, sc_address_line1_textfield=SiteAddress1, sc_address_line2_textfield=SiteAddress2, sc_address_ciy_textfield=SiteCity, sc_address_country_dropdown=Canada, sc_address_province_dropdown=Ontario, sc_address_zipcode_textfield=L3Z0J7, sc_contact_name_textfield=TC09Contact, sc_contact_position_textfield=TC09Positon, sc_contact_email_textfield=TC09@email.com, sc_contact_primary_phone_textfield=1593578420, sc_contact_primary_extn_textfield=25843, sc_contact_secondary_phone_textfield=1478523690, sc_contact_secondary_extn_textfield=25734, sc_discard_button=, sc_saveandsubmit_button=, =,  =}, AgreementCreate={ac_home_link=, ac_agreements_link=, ac_create_agreement_link=, ac_review_details_link=, ac_customer_copy_link=, ac_agreement_name_combobox=, ac_po_number_textfield=988885, ac_created_on_textfield=, ac_effective_of_textfield=, ac_mark_as_urgent_checkbox=Yes, ac_expires_on_dropdown=, ac_customer_name_combobox=, ac_site_name_combobox=, ac_add_new_site_button=, ac_site_name_textfield=, ac_site_salesrep_dropdown=, ac_site_address_line1_textfield=, ac_site_address_line2_textfield=, ac_site_address_country_dropdown=, ac_site_address_province_dropdown=, ac_site_address_city_textfield=, ac_site_address_zipcode_textfield=, ac_site_contact_primary_checkbox=, ac_site_contact_name_textfield=, ac_site_contact_position_textfield=, ac_site_contact_email_textfield=, ac_site_contact_primary_phone_textfield=, ac_site_contact_primary_extn_textfield=, ac_site_contact_secondary_phone_textfield=, ac_site_contact_secondary_extn_textfield=, ac_site_discard_button=, ac_site_save_button=, ac_add_new_service_button=, ac_discard_button=, ac_save_as_quote_button=, ac_next_button=, =,  =}}}]]>
              </value>
            </param>
          </params>
          <reporter-output>
          </reporter-output>
        </test-method> <!-- PM_NP_CP_TS01_TC09 -->
        <test-method status="PASS" signature="PM_NP_CP_TS01_TC09_Edited(java.util.LinkedHashMap)[pri:0, instance:CRM.Prospects.UAT_PM_NP_CP_TS01_TC09@47c62251]" name="PM_NP_CP_TS01_TC09_Edited" duration-ms="11337" started-at="2019-09-05T10:44:26Z" data-provider="getTestDataInput" finished-at="2019-09-05T10:44:37Z">
          <params>
            <param index="0">
              <value>
                <![CDATA[{PM_NP_CP_TS01_TC09_Edited={ProspectIndex={pi_home_link=, pi_new_prospect_button=, pi_create_prospect_popup_combobox=, pi_create_prospect_discard_button=, pi_create_prospect_proceed_button=, pi_create_prospect_close_button=, pi_customers_tab_button=, pi_prospects_tab_button=, pi_prospect_search_checkbox=no, pi_amazon_search_dropdown=all, pi_amazon_search_textfield=Reg1_Sep5_TC09, pi_amazon_search_search_button=yes, pi_more_filters_button=, pi_prospect_level_from_dropdown=, pi_prospect_level_to_dropdown=, pi_salesrep_dropdown=, pi_date_prospect_added_from_textfield=, pi_date_prospect_added_to_textfield=, pi_estimated_amount_from_textfield=, pi_estimated_amount_to_textfield=, pi_next_followup_date_from_textfield=, pi_next_followup_date_to_textfield=, pi_comp_agg_exp_date_from_textfield=, pi_comp_agg_exp_date_to_textfield=, pi_branch_dropdown=, pi_prospect_status_multiselect=, pi_reset_filters_button=, pi_more_filters_search_button=, pi_less_filters_button=, pi_search_results_limit_dropdown=, pi_createreport_button=, pi_prospectgrid_results=Reg1_Sep5_TC09}, ProspectEdit={pe_company_name_textfield=, pe_business_type_dropdown=, pe_website_textfield=, pe_salesrep_dropdown=, pe_prospect_levelindicator=50, pe_business_unit_dropdown=, pe_competitor_agreement_expiry_date_textfield=, pe_competitor_dropdown=, pe_expiry_date_obtained_on_textfield=, pe_service_line_dropodown=, pe_service_type_dropdown=, pe_estimated_amount_textfield=, pe_container_size_dropdown=, pe_frequency_dropdown=, pe_add_contact_button=, pe_primary_contact_checkbox=, pe_contact_name_textfield=, pe_contact_position_textfield=, pe_contact_email_textfield=, pe_contact_primary_phone_textfield=, pe_contact_primary_extn_textfield=, pe_contact_secondary_phone_textfield=, pe_contact_secondary_extn_textfield=, pe_delete_contact_button=, pe_company_line1_textfield=, pe_company_line2_textfield=, pe_company_city_textfield=, pe_company_address_country_dropdown=, pe_company_address_province_dropdown=, pe_company_address_zipcode_textfield=, pe_billing_address_same_checkbox=, pe_billing_address_line1_textfield=, pe_billing_address_line2_textfield=, pe_billing_address_city_textfield=, pe_billing_address_country_dropdown=, pe_billing_address_province_dropdown=, pe_billing_address_zipcode_textfield=, pe_discard_button=, pe_saveandsubmit_button=, =}}}]]>
              </value>
            </param>
          </params>
          <reporter-output>
          </reporter-output>
        </test-method> <!-- PM_NP_CP_TS01_TC09_Edited -->
      </class> <!-- CRM.Prospects.UAT_PM_NP_CP_TS01_TC09 -->
      <class name="CRM.Prospects.UAT_PM_NP_CP_TS01_TC04">
        <test-method status="PASS" signature="PM_NP_CP_TS01_TC04(java.util.LinkedHashMap)[pri:0, instance:CRM.Prospects.UAT_PM_NP_CP_TS01_TC04@68c4039c]" name="PM_NP_CP_TS01_TC04" duration-ms="31748" started-at="2019-09-05T10:41:04Z" data-provider="getTestDataInput" finished-at="2019-09-05T10:41:36Z">
          <params>
            <param index="0">
              <value>
                <![CDATA[{PM_NP_CP_TS01_TC04={ProspectIndex={pi_home_link=, pi_new_prospect_button=yes, pi_create_prospect_popup_combobox=xyz, pi_create_prospect_discard_button=, pi_create_prospect_proceed_button=, pi_create_prospect_close_button=, pi_customers_tab_button=, pi_prospects_tab_button=, pi_prospect_search_checkbox=, pi_amazon_search_dropdown=, pi_amazon_search_textfield=, pi_amazon_search_search_button=, pi_more_filters_button=, pi_prospect_level_from_dropdown=, pi_prospect_level_to_dropdown=, pi_salesrep_dropdown=, pi_date_prospect_added_from_textfield=, pi_date_prospect_added_to_textfield=, pi_estimated_amount_from_textfield=, pi_estimated_amount_to_textfield=, pi_next_followup_date_from_textfield=, pi_next_followup_date_to_textfield=, pi_comp_agg_exp_date_from_textfield=, pi_comp_agg_exp_date_to_textfield=, pi_branch_dropdown=, pi_prospect_status_multiselect=, pi_reset_filters_button=, pi_more_filters_search_button=, pi_less_filters_button=, pi_search_results_limit_dropdown=, pi_createreport_button=, pi_prospectgrid_results=}, ProspectCreate={pc_company_name_textfield=Reg1_Sep5_TC04, pc_website_textfield=, pc_salesrep_dropdown=Jeevan Teja, pc_prospect_levelindicator=0, pc_business_unit_dropdown=Halifax (HIT), pc_competitor_agreement_expiry_date_textfield=, pc_competitor_dropdown=, pc_expiry_date_obtained_on_textfield=, pc_service_line_dropdown=, pc_service_type_dropdown=, pc_estimated_amount_textfield=, pc_container_size_dropdown=, pc_frequency_dropdown=, pc_add_contact_button=, pc_primary_contact_checkbox=, pc_contact_name_textfield=, pc_contact_position_textfield=, pc_contact_email_textfield=, pc_contact_primary_phone_textfield=, pc_contact_primary_extn_textfield=, pc_contact_secondary_phone_textfield=, pc_contact_secondary_extn_textfield=, pc_delete_contact_button=, pc_company_address_line1_textfield=AddressLine 1, pc_company_address_line2_textfield=AddressLine 1, pc_company_address_city_textfield=Toronto, pc_company_address_country_dropdown=Canada, pc_company_address_province_dropdown=Ontario, pc_company_address_zipcode_textfield=M4S 2H2, pc_billing_address_same_checkbox=yes, pc_billing_address_line1_textfield=, pc_billing_address_line2_textfield=, pc_billing_address_city_textfield=, pc_billing_address_country_dropdown=, pc_billing_address_province_dropdown=, pc_billing_address_zipcode_textfield=, pc_site_name_textfield=Yonge & Soudan 04, pc_site_salesrep_dropdown=rency Naveen, pc_side_address_same_checkbox=, pc_site_address_line1_textfield=AddressLine 1, pc_site_address_line2_textfield=AddressLine 1, pc_site_address_city_textfield=Toronto, pc_site_address_country_dropdown=Canada, pc_site_address_province_dropdown=Ontario, pc_site_address_zipcode_textfield=M4S 2H2, pc_site_contact_same_checkbox=No, pc_site_contact_textfield=TC07Contact, pc_site_contact_position_textfield=TC07Position, pc_site_email_textfield=TC07@email.com, pc_site_primary_phone_textfield=1234567899, pc_site_primary_extn_textfield=45628, pc_site_secondary_phone_textfield=2589631470, pc_site_secondary_extn_textfield=25856, pc_discard_button=, pc_save_and_submit_button=}, ProspectEdit={pe_company_name_textfield=, pe_business_type_dropdown=, pe_website_textfield=, pe_salesrep_dropdown=, pe_prospect_levelindicator=25, pe_business_unit_dropdown=, pe_competitor_agreement_expiry_date_textfield=, pe_competitor_dropdown=, pe_expiry_date_obtained_on_textfield=, pe_service_line_dropodown=, pe_service_type_dropdown=, pe_estimated_amount_textfield=, pe_container_size_dropdown=, pe_frequency_dropdown=, pe_add_contact_button=yes, pe_primary_contact_checkbox=yes, pe_contact_name_textfield=TC04Contact, pe_contact_position_textfield=TC04Position, pe_contact_email_textfield=TC04@email.com, pe_contact_primary_phone_textfield=1478529632, pe_contact_primary_extn_textfield=15945, pe_contact_secondary_phone_textfield=3579518520, pe_contact_secondary_extn_textfield=25945, pe_delete_contact_button=, pe_company_line1_textfield=, pe_company_line2_textfield=, pe_company_city_textfield=, pe_company_address_country_dropdown=, pe_company_address_province_dropdown=, pe_company_address_zipcode_textfield=, pe_billing_address_same_checkbox=, pe_billing_address_line1_textfield=, pe_billing_address_line2_textfield=, pe_billing_address_city_textfield=, pe_billing_address_country_dropdown=, pe_billing_address_province_dropdown=, pe_billing_address_zipcode_textfield=, pe_discard_button=, pe_saveandsubmit_button=, =}}}]]>
              </value>
            </param>
          </params>
          <reporter-output>
          </reporter-output>
        </test-method> <!-- PM_NP_CP_TS01_TC04 -->
      </class> <!-- CRM.Prospects.UAT_PM_NP_CP_TS01_TC04 -->
      <class name="CRM.Prospects.UAT_PM_NP_CP_TS01_TC03">
        <test-method status="PASS" signature="PM_NP_CP_TS01_TC03(java.util.LinkedHashMap)[pri:0, instance:CRM.Prospects.UAT_PM_NP_CP_TS01_TC03@3532ec19]" name="PM_NP_CP_TS01_TC03" duration-ms="8996" started-at="2019-09-05T10:40:55Z" data-provider="getTestDataInput" finished-at="2019-09-05T10:41:04Z">
          <params>
            <param index="0">
              <value>
                <![CDATA[{PM_NP_CP_TS01_TC03={ProspectIndex={pi_home_link=, pi_new_prospect_button=yes, pi_create_prospect_popup_combobox=xyz, pi_create_prospect_discard_button=, pi_create_prospect_proceed_button=, pi_create_prospect_close_button=, pi_customers_tab_button=, pi_prospects_tab_button=, pi_prospect_search_checkbox=, pi_amazon_search_dropdown=, pi_amazon_search_textfield=, pi_amazon_search_search_button=, pi_more_filters_button=, pi_prospect_level_from_dropdown=, pi_prospect_level_to_dropdown=, pi_salesrep_dropdown=, pi_date_prospect_added_from_textfield=, pi_date_prospect_added_to_textfield=, pi_estimated_amount_from_textfield=, pi_estimated_amount_to_textfield=, pi_next_followup_date_from_textfield=, pi_next_followup_date_to_textfield=, pi_comp_agg_exp_date_from_textfield=, pi_comp_agg_exp_date_to_textfield=, pi_branch_dropdown=, pi_prospect_status_multiselect=, pi_reset_filters_button=, pi_more_filters_search_button=, pi_less_filters_button=, pi_search_results_limit_dropdown=, pi_createreport_button=, pi_prospectgrid_results=}, ProspectCreate={pc_company_name_textfield=Reg1_Sep5_TC03, pc_website_textfield=, pc_salesrep_dropdown=, pc_prospect_levelindicator=0, pc_business_unit_dropdown=Halifax (HIT), pc_competitor_agreement_expiry_date_textfield=, pc_competitor_dropdown=, pc_expiry_date_obtained_on_textfield=, pc_service_line_dropdown=, pc_service_type_dropdown=, pc_estimated_amount_textfield=, pc_container_size_dropdown=, pc_frequency_dropdown=, pc_add_contact_button=, pc_primary_contact_checkbox=, pc_contact_name_textfield=, pc_contact_position_textfield=, pc_contact_email_textfield=, pc_contact_primary_phone_textfield=, pc_contact_primary_extn_textfield=, pc_contact_secondary_phone_textfield=, pc_contact_secondary_extn_textfield=, pc_delete_contact_button=, pc_company_address_line1_textfield=, pc_company_address_line2_textfield=, pc_company_address_city_textfield=, pc_company_address_country_dropdown=, pc_company_address_province_dropdown=, pc_company_address_zipcode_textfield=, pc_billing_address_same_checkbox=, pc_billing_address_line1_textfield=, pc_billing_address_line2_textfield=, pc_billing_address_city_textfield=, pc_billing_address_country_dropdown=, pc_billing_address_province_dropdown=, pc_billing_address_zipcode_textfield=, pc_site_name_textfield=, pc_site_salesrep_dropdown=, pc_side_address_same_checkbox=, pc_site_address_line1_textfield=, pc_site_address_line2_textfield=, pc_site_address_city_textfield=, pc_site_address_country_dropdown=, pc_site_address_province_dropdown=, pc_site_address_zipcode_textfield=, pc_site_contact_same_checkbox=, pc_site_contact_textfield=, pc_site_contact_position_textfield=, pc_site_email_textfield=, pc_site_primary_phone_textfield=, pc_site_primary_extn_textfield=, pc_site_secondary_phone_textfield=, pc_site_secondary_extn_textfield=, pc_discard_button=, pc_save_and_submit_button=}}}]]>
              </value>
            </param>
          </params>
          <reporter-output>
          </reporter-output>
        </test-method> <!-- PM_NP_CP_TS01_TC03 -->
      </class> <!-- CRM.Prospects.UAT_PM_NP_CP_TS01_TC03 -->
      <class name="CRM.Prospects.UAT_PM_NP_CP_TS01_TC06">
        <test-method status="PASS" signature="PM_NP_CP_TS01_TC06(java.util.LinkedHashMap)[pri:0, instance:CRM.Prospects.UAT_PM_NP_CP_TS01_TC06@59f99ea]" name="PM_NP_CP_TS01_TC06" duration-ms="19738" started-at="2019-09-05T10:41:52Z" data-provider="getTestDataInput" finished-at="2019-09-05T10:42:12Z">
          <params>
            <param index="0">
              <value>
                <![CDATA[{PM_NP_CP_TS01_TC06={ProspectIndex={pi_home_link=, pi_new_prospect_button=yes, pi_create_prospect_popup_combobox=xyz, pi_create_prospect_discard_button=, pi_create_prospect_proceed_button=, pi_create_prospect_close_button=, pi_customers_tab_button=, pi_prospects_tab_button=, pi_prospect_search_checkbox=, pi_amazon_search_dropdown=, pi_amazon_search_textfield=, pi_amazon_search_search_button=, pi_more_filters_button=, pi_prospect_level_from_dropdown=, pi_prospect_level_to_dropdown=, pi_salesrep_dropdown=, pi_date_prospect_added_from_textfield=, pi_date_prospect_added_to_textfield=, pi_estimated_amount_from_textfield=, pi_estimated_amount_to_textfield=, pi_next_followup_date_from_textfield=, pi_next_followup_date_to_textfield=, pi_comp_agg_exp_date_from_textfield=, pi_comp_agg_exp_date_to_textfield=, pi_branch_dropdown=, pi_prospect_status_multiselect=, pi_reset_filters_button=, pi_more_filters_search_button=, pi_less_filters_button=, pi_search_results_limit_dropdown=, pi_createreport_button=, pi_prospectgrid_results=}, ProspectCreate={pc_company_name_textfield=Reg1_Sep5_TC06, pc_website_textfield=, pc_salesrep_dropdown=Jeevan Teja, pc_prospect_levelindicator=0, pc_business_unit_dropdown=Halifax (HIT), pc_competitor_agreement_expiry_date_textfield=, pc_competitor_dropdown=, pc_expiry_date_obtained_on_textfield=, pc_service_line_dropdown=, pc_service_type_dropdown=, pc_estimated_amount_textfield=, pc_container_size_dropdown=, pc_frequency_dropdown=, pc_add_contact_button=, pc_primary_contact_checkbox=, pc_contact_name_textfield=, pc_contact_position_textfield=, pc_contact_email_textfield=, pc_contact_primary_phone_textfield=, pc_contact_primary_extn_textfield=, pc_contact_secondary_phone_textfield=, pc_contact_secondary_extn_textfield=, pc_delete_contact_button=, pc_company_address_line1_textfield=, pc_company_address_line2_textfield=, pc_company_address_city_textfield=, pc_company_address_country_dropdown=, pc_company_address_province_dropdown=, pc_company_address_zipcode_textfield=, pc_billing_address_same_checkbox=, pc_billing_address_line1_textfield=, pc_billing_address_line2_textfield=, pc_billing_address_city_textfield=, pc_billing_address_country_dropdown=, pc_billing_address_province_dropdown=, pc_billing_address_zipcode_textfield=, pc_site_name_textfield=, pc_site_salesrep_dropdown=, pc_side_address_same_checkbox=, pc_site_address_line1_textfield=, pc_site_address_line2_textfield=, pc_site_address_city_textfield=, pc_site_address_country_dropdown=, pc_site_address_province_dropdown=, pc_site_address_zipcode_textfield=, pc_site_contact_same_checkbox=, pc_site_contact_textfield=, pc_site_contact_position_textfield=, pc_site_email_textfield=, pc_site_primary_phone_textfield=, pc_site_primary_extn_textfield=, pc_site_secondary_phone_textfield=, pc_site_secondary_extn_textfield=, pc_discard_button=, pc_save_and_submit_button=}, ProspectEdit={pe_company_name_textfield=, pe_business_type_dropdown=, pe_website_textfield=, pe_salesrep_dropdown=, pe_prospect_levelindicator=50, pe_business_unit_dropdown=, pe_competitor_agreement_expiry_date_textfield=, pe_competitor_dropdown=, pe_expiry_date_obtained_on_textfield=, pe_service_line_dropodown=, pe_service_type_dropdown=, pe_estimated_amount_textfield=, pe_container_size_dropdown=, pe_frequency_dropdown=, pe_add_contact_button=yes, pe_primary_contact_checkbox=yes, pe_contact_name_textfield=TC06Contact Edit, pe_contact_position_textfield=TC06PositionEdit, pe_contact_email_textfield= TC06email@Edit.com, pe_contact_primary_phone_textfield=1478529632, pe_contact_primary_extn_textfield=15943, pe_contact_secondary_phone_textfield=3579518520, pe_contact_secondary_extn_textfield=25943, pe_delete_contact_button=, pe_company_line1_textfield=, pe_company_line2_textfield=, pe_company_city_textfield=, pe_company_address_country_dropdown=, pe_company_address_province_dropdown=, pe_company_address_zipcode_textfield=, pe_billing_address_same_checkbox=, pe_billing_address_line1_textfield=, pe_billing_address_line2_textfield=, pe_billing_address_city_textfield=, pe_billing_address_country_dropdown=, pe_billing_address_province_dropdown=, pe_billing_address_zipcode_textfield=, pe_discard_button=, pe_saveandsubmit_button=, =}}}]]>
              </value>
            </param>
          </params>
          <reporter-output>
          </reporter-output>
        </test-method> <!-- PM_NP_CP_TS01_TC06 -->
      </class> <!-- CRM.Prospects.UAT_PM_NP_CP_TS01_TC06 -->
      <class name="CRM.Prospects.UAT_PM_NP_CP_TS01_TC05">
        <test-method status="PASS" signature="PM_NP_CP_TS01_TC05(java.util.LinkedHashMap)[pri:0, instance:CRM.Prospects.UAT_PM_NP_CP_TS01_TC05@ae45eb6]" name="PM_NP_CP_TS01_TC05" duration-ms="16073" started-at="2019-09-05T10:41:36Z" data-provider="getTestDataInput" finished-at="2019-09-05T10:41:52Z">
          <params>
            <param index="0">
              <value>
                <![CDATA[{PM_NP_CP_TS01_TC05={ProspectIndex={pi_home_link=, pi_new_prospect_button=yes, pi_create_prospect_popup_combobox=xyz, pi_create_prospect_discard_button=, pi_create_prospect_proceed_button=, pi_create_prospect_close_button=, pi_customers_tab_button=, pi_prospects_tab_button=, pi_prospect_search_checkbox=, pi_amazon_search_dropdown=, pi_amazon_search_textfield=, pi_amazon_search_search_button=, pi_more_filters_button=, pi_prospect_level_from_dropdown=, pi_prospect_level_to_dropdown=, pi_salesrep_dropdown=, pi_date_prospect_added_from_textfield=, pi_date_prospect_added_to_textfield=, pi_estimated_amount_from_textfield=, pi_estimated_amount_to_textfield=, pi_next_followup_date_from_textfield=, pi_next_followup_date_to_textfield=, pi_comp_agg_exp_date_from_textfield=, pi_comp_agg_exp_date_to_textfield=, pi_branch_dropdown=, pi_prospect_status_multiselect=, pi_reset_filters_button=, pi_more_filters_search_button=, pi_less_filters_button=, pi_search_results_limit_dropdown=, pi_createreport_button=, pi_prospectgrid_results=}, ProspectCreate={pc_company_name_textfield=Reg1_Sep5_TC05, pc_website_textfield=, pc_salesrep_dropdown=Jeevan Teja, pc_prospect_levelindicator=25, pc_business_unit_dropdown=Halifax (HIT), pc_competitor_agreement_expiry_date_textfield=, pc_competitor_dropdown=, pc_expiry_date_obtained_on_textfield=, pc_service_line_dropdown=, pc_service_type_dropdown=, pc_estimated_amount_textfield=, pc_container_size_dropdown=, pc_frequency_dropdown=, pc_add_contact_button=, pc_primary_contact_checkbox=, pc_contact_name_textfield=, pc_contact_position_textfield=, pc_contact_email_textfield=, pc_contact_primary_phone_textfield=, pc_contact_primary_extn_textfield=, pc_contact_secondary_phone_textfield=, pc_contact_secondary_extn_textfield=, pc_delete_contact_button=, pc_company_address_line1_textfield=, pc_company_address_line2_textfield=, pc_company_address_city_textfield=, pc_company_address_country_dropdown=, pc_company_address_province_dropdown=, pc_company_address_zipcode_textfield=, pc_billing_address_same_checkbox=, pc_billing_address_line1_textfield=, pc_billing_address_line2_textfield=, pc_billing_address_city_textfield=, pc_billing_address_country_dropdown=, pc_billing_address_province_dropdown=, pc_billing_address_zipcode_textfield=, pc_site_name_textfield=, pc_site_salesrep_dropdown=, pc_side_address_same_checkbox=, pc_site_address_line1_textfield=, pc_site_address_line2_textfield=, pc_site_address_city_textfield=, pc_site_address_country_dropdown=, pc_site_address_province_dropdown=, pc_site_address_zipcode_textfield=, pc_site_contact_same_checkbox=, pc_site_contact_textfield=, pc_site_contact_position_textfield=, pc_site_email_textfield=, pc_site_primary_phone_textfield=, pc_site_primary_extn_textfield=, pc_site_secondary_phone_textfield=, pc_site_secondary_extn_textfield=, pc_discard_button=, pc_save_and_submit_button=}}}]]>
              </value>
            </param>
          </params>
          <reporter-output>
          </reporter-output>
        </test-method> <!-- PM_NP_CP_TS01_TC05 -->
      </class> <!-- CRM.Prospects.UAT_PM_NP_CP_TS01_TC05 -->
    </test> <!-- PM Test -->
  </suite> <!-- WishesAutomation -->
</testng-results>
